<?xml version="1.0" encoding="UTF-8" ?>
<testsuite failures="0" time="0.468" errors="0" skipped="0" tests="3" name="bankaccount.business.TestBankAccountService">
  <properties>
[...]
</properties>
  <testcase time="0.368" classname="bankaccount.business.TestBankAccountService" name="testCreateNewAccountHasBalanceZero"/>
  <testcase time="0.044" classname="bankaccount.business.TestBankAccountService" name="testDepositBalanceAccount"/>
  <testcase time="0.012" classname="bankaccount.business.TestBankAccountService" name="testWithdrawBalanceAccount"/>
</testsuite>